2021-04-22 17:11:53 INFO  [main           ] c.j.s.SentinelZeroLearningApplication   :55   : Starting SentinelZeroLearningApplication using Java 1.8.0_275 on wangyunfeideMacBook-Pro.local with PID 74066 (/Users/jasmine/IdeaProjects/middleware/Sentinel-1.8.0/sentinel-zero-learning/target/classes started by jasmine in /Users/jasmine/IdeaProjects/middleware/Sentinel-1.8.0)
2021-04-22 17:11:53 DEBUG [main           ] c.j.s.SentinelZeroLearningApplication   :56   : Running with Spring Boot v2.4.5, Spring v5.3.6
2021-04-22 17:11:53 INFO  [main           ] c.j.s.SentinelZeroLearningApplication   :675  : No active profile set, falling back to default profiles: default
2021-04-22 17:11:54 INFO  [main           ] o.s.b.w.embedded.tomcat.TomcatWebServer :108  : Tomcat initialized with port(s): 12346 (http)
2021-04-22 17:11:54 INFO  [main           ] o.apache.coyote.http11.Http11NioProtocol:173  : Initializing ProtocolHandler ["http-nio-12346"]
2021-04-22 17:11:54 INFO  [main           ] org.apache.catalina.core.StandardService:173  : Starting service [Tomcat]
2021-04-22 17:11:54 INFO  [main           ] org.apache.catalina.core.StandardEngine :173  : Starting Servlet engine: [Apache Tomcat/9.0.45]
2021-04-22 17:11:54 INFO  [main           ] o.a.c.c.C.[Tomcat].[localhost].[/]      :173  : Initializing Spring embedded WebApplicationContext
2021-04-22 17:11:54 INFO  [main           ] w.s.c.ServletWebServerApplicationContext:289  : Root WebApplicationContext: initialization completed in 901 ms
2021-04-22 17:11:54 INFO  [main           ] o.s.s.concurrent.ThreadPoolTaskExecutor :181  : Initializing ExecutorService 'applicationTaskExecutor'
2021-04-22 17:11:54 INFO  [main           ] o.apache.coyote.http11.Http11NioProtocol:173  : Starting ProtocolHandler ["http-nio-12346"]
2021-04-22 17:11:54 INFO  [main           ] o.s.b.w.embedded.tomcat.TomcatWebServer :220  : Tomcat started on port(s): 12346 (http) with context path ''
2021-04-22 17:11:54 INFO  [main           ] c.j.s.SentinelZeroLearningApplication   :61   : Started SentinelZeroLearningApplication in 2.235 seconds (JVM running for 2.801)
2021-04-22 17:11:54 WARN  [main           ] c.j.s.SentinelZeroLearningApplication   :13   : ========== 启动完成 ==========
2021-04-22 17:12:52 INFO  [extShutdownHook] o.s.s.concurrent.ThreadPoolTaskExecutor :218  : Shutting down ExecutorService 'applicationTaskExecutor'
2021-04-22 17:12:58 INFO  [main           ] c.j.s.SentinelZeroLearningApplication   :55   : Starting SentinelZeroLearningApplication using Java 1.8.0_275 on wangyunfeideMacBook-Pro.local with PID 74078 (/Users/jasmine/IdeaProjects/middleware/Sentinel-1.8.0/sentinel-zero-learning/target/classes started by jasmine in /Users/jasmine/IdeaProjects/middleware/Sentinel-1.8.0)
2021-04-22 17:12:58 DEBUG [main           ] c.j.s.SentinelZeroLearningApplication   :56   : Running with Spring Boot v2.4.5, Spring v5.3.6
2021-04-22 17:12:58 INFO  [main           ] c.j.s.SentinelZeroLearningApplication   :675  : No active profile set, falling back to default profiles: default
2021-04-22 17:12:59 INFO  [main           ] o.s.b.w.embedded.tomcat.TomcatWebServer :108  : Tomcat initialized with port(s): 12346 (http)
2021-04-22 17:12:59 INFO  [main           ] o.apache.coyote.http11.Http11NioProtocol:173  : Initializing ProtocolHandler ["http-nio-12346"]
2021-04-22 17:12:59 INFO  [main           ] org.apache.catalina.core.StandardService:173  : Starting service [Tomcat]
2021-04-22 17:12:59 INFO  [main           ] org.apache.catalina.core.StandardEngine :173  : Starting Servlet engine: [Apache Tomcat/9.0.45]
2021-04-22 17:12:59 INFO  [main           ] o.a.c.c.C.[Tomcat].[localhost].[/]      :173  : Initializing Spring embedded WebApplicationContext
2021-04-22 17:12:59 INFO  [main           ] w.s.c.ServletWebServerApplicationContext:289  : Root WebApplicationContext: initialization completed in 858 ms
2021-04-22 17:12:59 INFO  [main           ] o.s.s.concurrent.ThreadPoolTaskExecutor :181  : Initializing ExecutorService 'applicationTaskExecutor'
2021-04-22 17:12:59 INFO  [main           ] o.apache.coyote.http11.Http11NioProtocol:173  : Starting ProtocolHandler ["http-nio-12346"]
2021-04-22 17:13:00 INFO  [main           ] o.s.b.w.embedded.tomcat.TomcatWebServer :220  : Tomcat started on port(s): 12346 (http) with context path ''
2021-04-22 17:13:00 INFO  [main           ] c.j.s.SentinelZeroLearningApplication   :61   : Started SentinelZeroLearningApplication in 1.803 seconds (JVM running for 2.401)
2021-04-22 17:13:00 WARN  [main           ] c.j.s.SentinelZeroLearningApplication   :13   : ========== 启动完成 ==========
2021-04-22 17:13:18 INFO  [io-12346-exec-1] o.a.c.c.C.[Tomcat].[localhost].[/]      :173  : Initializing Spring DispatcherServlet 'dispatcherServlet'
2021-04-22 17:13:18 INFO  [io-12346-exec-1] o.s.web.servlet.DispatcherServlet       :525  : Initializing Servlet 'dispatcherServlet'
2021-04-22 17:13:18 INFO  [io-12346-exec-1] o.s.web.servlet.DispatcherServlet       :547  : Completed initialization in 0 ms
2021-04-22 17:13:30 INFO  [extShutdownHook] o.s.s.concurrent.ThreadPoolTaskExecutor :218  : Shutting down ExecutorService 'applicationTaskExecutor'
2021-04-22 17:13:39 INFO  [main           ] c.j.s.SentinelZeroLearningApplication   :55   : Starting SentinelZeroLearningApplication using Java 1.8.0_275 on wangyunfeideMacBook-Pro.local with PID 74084 (/Users/jasmine/IdeaProjects/middleware/Sentinel-1.8.0/sentinel-zero-learning/target/classes started by jasmine in /Users/jasmine/IdeaProjects/middleware/Sentinel-1.8.0)
2021-04-22 17:13:39 DEBUG [main           ] c.j.s.SentinelZeroLearningApplication   :56   : Running with Spring Boot v2.4.5, Spring v5.3.6
2021-04-22 17:13:39 INFO  [main           ] c.j.s.SentinelZeroLearningApplication   :675  : No active profile set, falling back to default profiles: default
2021-04-22 17:13:40 INFO  [main           ] o.s.b.w.embedded.tomcat.TomcatWebServer :108  : Tomcat initialized with port(s): 12346 (http)
2021-04-22 17:13:40 INFO  [main           ] o.apache.coyote.http11.Http11NioProtocol:173  : Initializing ProtocolHandler ["http-nio-12346"]
2021-04-22 17:13:40 INFO  [main           ] org.apache.catalina.core.StandardService:173  : Starting service [Tomcat]
2021-04-22 17:13:40 INFO  [main           ] org.apache.catalina.core.StandardEngine :173  : Starting Servlet engine: [Apache Tomcat/9.0.45]
2021-04-22 17:13:40 INFO  [main           ] o.a.c.c.C.[Tomcat].[localhost].[/]      :173  : Initializing Spring embedded WebApplicationContext
2021-04-22 17:13:40 INFO  [main           ] w.s.c.ServletWebServerApplicationContext:289  : Root WebApplicationContext: initialization completed in 1039 ms
2021-04-22 17:13:40 INFO  [main           ] o.s.s.concurrent.ThreadPoolTaskExecutor :181  : Initializing ExecutorService 'applicationTaskExecutor'
2021-04-22 17:13:40 INFO  [main           ] o.apache.coyote.http11.Http11NioProtocol:173  : Starting ProtocolHandler ["http-nio-12346"]
2021-04-22 17:13:40 INFO  [main           ] o.s.b.w.embedded.tomcat.TomcatWebServer :220  : Tomcat started on port(s): 12346 (http) with context path ''
2021-04-22 17:13:40 INFO  [main           ] c.j.s.SentinelZeroLearningApplication   :61   : Started SentinelZeroLearningApplication in 2.464 seconds (JVM running for 7.072)
2021-04-22 17:13:40 WARN  [main           ] c.j.s.SentinelZeroLearningApplication   :13   : ========== 启动完成 ==========
2021-04-22 17:13:47 INFO  [io-12346-exec-1] o.a.c.c.C.[Tomcat].[localhost].[/]      :173  : Initializing Spring DispatcherServlet 'dispatcherServlet'
2021-04-22 17:13:47 INFO  [io-12346-exec-1] o.s.web.servlet.DispatcherServlet       :525  : Initializing Servlet 'dispatcherServlet'
2021-04-22 17:13:47 INFO  [io-12346-exec-1] o.s.web.servlet.DispatcherServlet       :547  : Completed initialization in 1 ms
